<?xml version="1.0" encoding="UTF-8"?>
<!-- Generated by org.testng.reporters.JUnitXMLReporter -->
<testsuite ignored="0" hostname="Mac.home" failures="1" tests="4" name="Test" time="81.658" errors="0" timestamp="2024-09-30T09:47:06 PDT">
  <testcase classname="TestClasses.standAloneTest" name="positiveTest" time="11.61"/>
  <testcase classname="TestClasses.standAloneTest" name="positiveTest" time="11.651"/>
  <testcase classname="TestClasses.standAloneTest" name="verifyOrderPresent" time="5.124"/>
  <testcase classname="TestClasses.NegativeTest" name="invalidCredTest" time="1.832">
    <failure type="java.lang.AssertionError" message="expected [Incorrect uname or password.] but found [Incorrect email or password.]">
      <![CDATA[java.lang.AssertionError: expected [Incorrect uname or password.] but found [Incorrect email or password.]
at TestClasses.NegativeTest.invalidCredTest(NegativeTest.java:16)
at java.base/java.util.ArrayList.forEach(ArrayList.java:1511)
... Removed 37 stack frames]]>
    </failure>
  </testcase> <!-- invalidCredTest -->
</testsuite> <!-- Test -->
