<?xml version="1.0" encoding="UTF-8"?>
<testng-results ignored="0" total="4" passed="3" failed="1" skipped="0">
  <reporter-output>
  </reporter-output>
  <suite started-at="2024-09-30T09:45:44 PDT" name="Suite" finished-at="2024-09-30T09:47:06 PDT" duration-ms="81658">
    <groups>
    </groups>
    <test started-at="2024-09-30T09:45:44 PDT" name="Test" finished-at="2024-09-30T09:47:06 PDT" duration-ms="81658">
      <class name="TestClasses.standAloneTest">
        <test-method is-config="true" signature="launcURL()[pri:0, instance:TestClasses.standAloneTest@331acdad]" started-at="2024-09-30T09:45:44 PDT" name="launcURL" finished-at="2024-09-30T09:45:58 PDT" duration-ms="13423" status="PASS">
          <reporter-output>
          </reporter-output>
        </test-method> <!-- launcURL -->
        <test-method signature="positiveTest(java.util.HashMap)[pri:0, instance:TestClasses.standAloneTest@331acdad]" started-at="2024-09-30T09:45:58 PDT" name="positiveTest" data-provider="getData" finished-at="2024-09-30T09:46:09 PDT" duration-ms="11610" status="PASS">
          <params>
            <param index="0">
              <value>
                <![CDATA[{password=Abcd@123, username=nabeelans@gmail.com}]]>
              </value>
            </param>
          </params>
          <reporter-output>
          </reporter-output>
        </test-method> <!-- positiveTest -->
        <test-method is-config="true" signature="tearDown()[pri:0, instance:TestClasses.standAloneTest@331acdad]" started-at="2024-09-30T09:46:09 PDT" name="tearDown" finished-at="2024-09-30T09:46:09 PDT" duration-ms="223" status="PASS">
          <reporter-output>
          </reporter-output>
        </test-method> <!-- tearDown -->
        <test-method is-config="true" signature="launcURL()[pri:0, instance:TestClasses.standAloneTest@331acdad]" started-at="2024-09-30T09:46:09 PDT" name="launcURL" finished-at="2024-09-30T09:46:21 PDT" duration-ms="11638" status="PASS">
          <reporter-output>
          </reporter-output>
        </test-method> <!-- launcURL -->
        <test-method signature="positiveTest(java.util.HashMap)[pri:0, instance:TestClasses.standAloneTest@331acdad]" started-at="2024-09-30T09:46:21 PDT" name="positiveTest" data-provider="getData" finished-at="2024-09-30T09:46:33 PDT" duration-ms="11651" status="PASS">
          <params>
            <param index="0">
              <value>
                <![CDATA[{password=Abcd@123, username=nabeelans@gmail.com}]]>
              </value>
            </param>
          </params>
          <reporter-output>
          </reporter-output>
        </test-method> <!-- positiveTest -->
        <test-method is-config="true" signature="tearDown()[pri:0, instance:TestClasses.standAloneTest@331acdad]" started-at="2024-09-30T09:46:33 PDT" name="tearDown" finished-at="2024-09-30T09:46:33 PDT" duration-ms="258" status="PASS">
          <reporter-output>
          </reporter-output>
        </test-method> <!-- tearDown -->
        <test-method is-config="true" signature="launcURL()[pri:0, instance:TestClasses.standAloneTest@331acdad]" started-at="2024-09-30T09:46:33 PDT" name="launcURL" finished-at="2024-09-30T09:46:46 PDT" duration-ms="12751" status="PASS">
          <reporter-output>
          </reporter-output>
        </test-method> <!-- launcURL -->
        <test-method signature="verifyOrderPresent()[pri:0, instance:TestClasses.standAloneTest@331acdad]" started-at="2024-09-30T09:46:46 PDT" name="verifyOrderPresent" finished-at="2024-09-30T09:46:51 PDT" depends-on-methods="TestClasses.standAloneTest.positiveTest" duration-ms="5124" status="PASS">
          <reporter-output>
          </reporter-output>
        </test-method> <!-- verifyOrderPresent -->
        <test-method is-config="true" signature="tearDown()[pri:0, instance:TestClasses.standAloneTest@331acdad]" started-at="2024-09-30T09:46:51 PDT" name="tearDown" finished-at="2024-09-30T09:46:51 PDT" duration-ms="254" status="PASS">
          <reporter-output>
          </reporter-output>
        </test-method> <!-- tearDown -->
      </class> <!-- TestClasses.standAloneTest -->
      <class name="TestClasses.NegativeTest">
        <test-method is-config="true" signature="launcURL()[pri:0, instance:TestClasses.NegativeTest@2da59753]" started-at="2024-09-30T09:46:51 PDT" name="launcURL" finished-at="2024-09-30T09:47:03 PDT" duration-ms="11928" status="PASS">
          <reporter-output>
          </reporter-output>
        </test-method> <!-- launcURL -->
        <test-method signature="invalidCredTest()[pri:0, instance:TestClasses.NegativeTest@2da59753]" started-at="2024-09-30T09:47:03 PDT" name="invalidCredTest" finished-at="2024-09-30T09:47:05 PDT" duration-ms="1832" status="FAIL">
          <exception class="java.lang.AssertionError">
            <message>
              <![CDATA[expected [Incorrect uname or password.] but found [Incorrect email or password.]]]>
            </message>
            <full-stacktrace>
              <![CDATA[java.lang.AssertionError: expected [Incorrect uname or password.] but found [Incorrect email or password.]
at org.testng.Assert.fail(Assert.java:111)
at org.testng.Assert.failNotEquals(Assert.java:1578)
at org.testng.Assert.assertEqualsImpl(Assert.java:150)
at org.testng.Assert.assertEquals(Assert.java:132)
at org.testng.Assert.assertEquals(Assert.java:656)
at org.testng.Assert.assertEquals(Assert.java:666)
at TestClasses.NegativeTest.invalidCredTest(NegativeTest.java:16)
at java.base/jdk.internal.reflect.NativeMethodAccessorImpl.invoke0(Native Method)
at java.base/jdk.internal.reflect.NativeMethodAccessorImpl.invoke(NativeMethodAccessorImpl.java:78)
at java.base/jdk.internal.reflect.DelegatingMethodAccessorImpl.invoke(DelegatingMethodAccessorImpl.java:43)
at java.base/java.lang.reflect.Method.invoke(Method.java:567)
at org.testng.internal.invokers.MethodInvocationHelper.invokeMethod(MethodInvocationHelper.java:141)
at org.testng.internal.invokers.TestInvoker.invokeMethod(TestInvoker.java:686)
at org.testng.internal.invokers.TestInvoker.invokeTestMethod(TestInvoker.java:230)
at org.testng.internal.invokers.MethodRunner.runInSequence(MethodRunner.java:63)
at org.testng.internal.invokers.TestInvoker$MethodInvocationAgent.invoke(TestInvoker.java:992)
at org.testng.internal.invokers.TestInvoker.invokeTestMethods(TestInvoker.java:203)
at org.testng.internal.invokers.TestMethodWorker.invokeTestMethods(TestMethodWorker.java:154)
at org.testng.internal.invokers.TestMethodWorker.run(TestMethodWorker.java:134)
at java.base/java.util.ArrayList.forEach(ArrayList.java:1511)
at org.testng.TestRunner.privateRun(TestRunner.java:739)
at org.testng.TestRunner.run(TestRunner.java:614)
at org.testng.SuiteRunner.runTest(SuiteRunner.java:421)
at org.testng.SuiteRunner.runSequentially(SuiteRunner.java:413)
at org.testng.SuiteRunner.privateRun(SuiteRunner.java:373)
at org.testng.SuiteRunner.run(SuiteRunner.java:312)
at org.testng.SuiteRunnerWorker.runSuite(SuiteRunnerWorker.java:52)
at org.testng.SuiteRunnerWorker.run(SuiteRunnerWorker.java:95)
at org.testng.TestNG.runSuitesSequentially(TestNG.java:1274)
at org.testng.TestNG.runSuitesLocally(TestNG.java:1208)
at org.testng.TestNG.runSuites(TestNG.java:1112)
at org.testng.TestNG.run(TestNG.java:1079)
at org.apache.maven.surefire.testng.TestNGExecutor.run(TestNGExecutor.java:308)
at org.apache.maven.surefire.testng.TestNGXmlTestSuite.execute(TestNGXmlTestSuite.java:71)
at org.apache.maven.surefire.testng.TestNGProvider.invoke(TestNGProvider.java:113)
at org.apache.maven.surefire.booter.ForkedBooter.runSuitesInProcess(ForkedBooter.java:385)
at org.apache.maven.surefire.booter.ForkedBooter.execute(ForkedBooter.java:162)
at org.apache.maven.surefire.booter.ForkedBooter.run(ForkedBooter.java:507)
at org.apache.maven.surefire.booter.ForkedBooter.main(ForkedBooter.java:495)
]]>
            </full-stacktrace>
          </exception> <!-- java.lang.AssertionError -->
          <reporter-output>
          </reporter-output>
        </test-method> <!-- invalidCredTest -->
        <test-method is-config="true" signature="tearDown()[pri:0, instance:TestClasses.NegativeTest@2da59753]" started-at="2024-09-30T09:47:05 PDT" name="tearDown" finished-at="2024-09-30T09:47:06 PDT" duration-ms="265" status="PASS">
          <reporter-output>
          </reporter-output>
        </test-method> <!-- tearDown -->
      </class> <!-- TestClasses.NegativeTest -->
    </test> <!-- Test -->
  </suite> <!-- Suite -->
</testng-results>
